[debug] [2022-09-22T15:46:14.491Z] ----------------------------------------------------------------------
[debug] [2022-09-22T15:46:14.492Z] Command:       C:\Program Files\nodejs\node.exe C:\Users\Toshiba\AppData\Roaming\npm\node_modules\firebase-tools\lib\bin\firebase.js init
[debug] [2022-09-22T15:46:14.492Z] CLI Version:   11.9.0
[debug] [2022-09-22T15:46:14.493Z] Platform:      win32
[debug] [2022-09-22T15:46:14.493Z] Node Version:  v16.14.0
[debug] [2022-09-22T15:46:14.493Z] Time:          Thu Sep 22 2022 10:46:14 GMT-0500 (Central Daylight Time)
[debug] [2022-09-22T15:46:14.494Z] ----------------------------------------------------------------------
[debug] 
[debug] [2022-09-22T15:46:14.496Z] >>> [apiv2][query] GET https://firebase-public.firebaseio.com/cli.json [none]
[debug] [2022-09-22T15:46:14.515Z] > command requires scopes: ["email","openid","https://www.googleapis.com/auth/cloudplatformprojects.readonly","https://www.googleapis.com/auth/firebase","https://www.googleapis.com/auth/cloud-platform"]
[debug] [2022-09-22T15:46:14.516Z] > authorizing via signed-in user (williajeni@gmail.com)
[info] 
     ######## #### ########  ######## ########     ###     ######  ########
     ##        ##  ##     ## ##       ##     ##  ##   ##  ##       ##
     ######    ##  ########  ######   ########  #########  ######  ######
     ##        ##  ##    ##  ##       ##     ## ##     ##       ## ##
     ##       #### ##     ## ######## ########  ##     ##  ######  ########

You're about to initialize a Firebase project in this directory:

  C:\Users\Toshiba\Documents\tailwind_gallary

[debug] [2022-09-22T15:46:15.392Z] <<< [apiv2][status] GET https://firebase-public.firebaseio.com/cli.json 200
[debug] [2022-09-22T15:46:15.393Z] <<< [apiv2][body] GET https://firebase-public.firebaseio.com/cli.json {"cloudBuildErrorAfter":1594252800000,"cloudBuildWarnAfter":1590019200000,"defaultNode10After":1594252800000,"minVersion":"3.0.5","node8DeploysDisabledAfter":1613390400000,"node8RuntimeDisabledAfter":1615809600000,"node8WarnAfter":1600128000000}
